<?xml version="1.0" encoding="UTF-8"?>
<!-- Generated by org.testng.reporters.JUnitReportReporter -->
<testsuite skipped="0" hostname="AXQC-L24" name="test.LoginTest" tests="4" failures="0" timestamp="15 Apr 2021 16:19:26 GMT" time="69.528" errors="0">
  <testcase name="loginWithEmptyUserNameAndPassword" time="18.283" classname="test.LoginTest"/>
  <testcase name="loginWithInvalidEmail" time="17.493" classname="test.LoginTest"/>
  <testcase name="loginWithWrongPassword" time="16.887" classname="test.LoginTest"/>
  <testcase name="loginWithExactlyPassword" time="16.865" classname="test.LoginTest"/>
</testsuite> <!-- test.LoginTest -->
